<?xml version="1.0" encoding="UTF-8"?>
<testsuite xmlns:xsi="http://www.w3.org/2001/XMLSchema-instance" xsi:noNamespaceSchemaLocation="https://maven.apache.org/surefire/maven-surefire-plugin/xsd/surefire-test-report.xsd" version="3.0.2" name="pe.utp.estacionamiento.service.AuthServiceTest" time="0.809" tests="3" errors="0" skipped="0" failures="0">
  <properties>
[...]
</properties>
  <testcase name="testCP08_ValidacionRoles" classname="pe.utp.estacionamiento.service.AuthServiceTest" time="0.753">
    <system-err><![CDATA[WARNING: A Java agent has been loaded dynamically (C:\Users\aries\.m2\repository\net\bytebuddy\byte-buddy-agent\1.14.12\byte-buddy-agent-1.14.12.jar)
WARNING: If a serviceability tool is in use, please run with -XX:+EnableDynamicAgentLoading to hide this warning
WARNING: If a serviceability tool is not in use, please run with -Djdk.instrument.traceUsage for more information
WARNING: Dynamic loading of agents will be disallowed by default in a future release
]]></system-err>
  </testcase>
  <testcase name="testCP02_LoginIncorrecto" classname="pe.utp.estacionamiento.service.AuthServiceTest" time="0.027"/>
  <testcase name="testCP01_LoginCorrecto" classname="pe.utp.estacionamiento.service.AuthServiceTest" time="0.006"/>
</testsuite>