<?xml version="1.0" encoding="UTF-8"?>
<testsuite xmlns:xsi="http://www.w3.org/2001/XMLSchema-instance" xsi:noNamespaceSchemaLocation="https://maven.apache.org/surefire/maven-surefire-plugin/xsd/surefire-test-report-3.0.xsd" version="3.0" name="pe.utp.estacionamiento.service.NotificacionServiceTest" time="0.041" tests="1" errors="0" skipped="0" failures="0">
  <properties>
[...]
</properties>
  <testcase name="testCP07_Notificacion" classname="pe.utp.estacionamiento.service.NotificacionServiceTest" time="0.021">
    <system-out><![CDATA[Notificacion enviada: La reserva del vehiculo ABC123 ha vencido.
✅ CP07 - Notificación: Se verificó el envío correcto de la notificación de reserva vencida.
]]></system-out>
  </testcase>
</testsuite>